<?xml version="1.0" encoding="UTF-8"?>
<testng-results ignored="0" total="1" passed="1" failed="0" skipped="0">
  <reporter-output>
  </reporter-output>
  <suite started-at="2023-07-18T19:21:53 IST" name="Suite" finished-at="2023-07-18T19:22:22 IST" duration-ms="28874">
    <groups>
    </groups>
    <test started-at="2023-07-18T19:21:53 IST" name="Test" finished-at="2023-07-18T19:22:22 IST" duration-ms="28874">
      <class name="testcase.MyFirstTest">
        <test-method is-config="true" signature="setup()[pri:0, instance:testcase.MyFirstTest@4466af20]" started-at="2023-07-18T19:21:53 IST" name="setup" finished-at="2023-07-18T19:22:06 IST" duration-ms="12886" status="PASS">
          <reporter-output>
          </reporter-output>
        </test-method> <!-- setup -->
        <test-method signature="LoginTest()[pri:0, instance:testcase.MyFirstTest@4466af20]" started-at="2023-07-18T19:22:06 IST" name="LoginTest" finished-at="2023-07-18T19:22:22 IST" duration-ms="15457" status="PASS">
          <reporter-output>
          </reporter-output>
        </test-method> <!-- LoginTest -->
        <test-method is-config="true" signature="teardown()[pri:0, instance:testcase.MyFirstTest@4466af20]" started-at="2023-07-18T19:22:22 IST" name="teardown" finished-at="2023-07-18T19:22:22 IST" duration-ms="467" status="PASS">
          <reporter-output>
          </reporter-output>
        </test-method> <!-- teardown -->
      </class> <!-- testcase.MyFirstTest -->
    </test> <!-- Test -->
  </suite> <!-- Suite -->
</testng-results>
