<?xml version="1.0" encoding="UTF-8"?>
<testng-results ignored="0" total="1" passed="1" failed="0" skipped="0">
  <reporter-output>
  </reporter-output>
  <suite started-at="2023-07-29T19:57:06 IST" name="Default suite" finished-at="2023-07-29T19:57:48 IST" duration-ms="41203">
    <groups>
    </groups>
    <test started-at="2023-07-29T19:57:06 IST" name="Default test" finished-at="2023-07-29T19:57:48 IST" duration-ms="41203">
      <class name="testcase.MyFirstTest">
        <test-method is-config="true" signature="setup()[pri:0, instance:testcase.MyFirstTest@710f4dc7]" started-at="2023-07-29T19:57:07 IST" name="setup" finished-at="2023-07-29T19:57:33 IST" duration-ms="25991" status="PASS">
          <reporter-output>
          </reporter-output>
        </test-method> <!-- setup -->
        <test-method signature="LoginTest()[pri:0, instance:testcase.MyFirstTest@710f4dc7]" started-at="2023-07-29T19:57:33 IST" name="LoginTest" finished-at="2023-07-29T19:57:48 IST" duration-ms="15015" status="PASS">
          <reporter-output>
          </reporter-output>
        </test-method> <!-- LoginTest -->
      </class> <!-- testcase.MyFirstTest -->
    </test> <!-- Default test -->
  </suite> <!-- Default suite -->
</testng-results>
